<?xml version="1.0" encoding="UTF-8"?>
<!-- Generated by org.testng.reporters.JUnitReportReporter -->
<testsuite hostname="AkshayHP" failures="0" tests="4" name="testCases.TestClass" time="124.247" errors="0" timestamp="2024-02-24T23:23:27 IST" skipped="0">
  <testcase classname="testCases.TestClass" name="verifyTopLevelMenuTest" time="11.210"/>
  <testcase classname="testCases.TestClass" name="verifyReqADemoBtnTest" time="101.351"/>
  <testcase classname="testCases.TestClass" name="verifyMarketingFormSubmissionErrorMessagePassTest" time="8.740"/>
  <testcase classname="testCases.TestClass" name="verifyMarketingFormSubmissionErrorMessageFailTest" time="2.946"/>
</testsuite> <!-- testCases.TestClass -->
