<?xml version="1.0" encoding="UTF-8"?>
<!-- Generated by org.testng.reporters.JUnitReportReporter -->
<testsuite hostname="AkshayHP" failures="0" tests="4" name="com.tendable.TestCases.TechChallengeTest" time="47.387" errors="0" timestamp="2024-02-24T23:10:50 IST" skipped="0">
  <testcase classname="com.tendable.TestCases.TechChallengeTest" name="verifyTopLevelMenuTest" time="12.200"/>
  <testcase classname="com.tendable.TestCases.TechChallengeTest" name="verifyReqADemoBtnTest" time="22.904"/>
  <testcase classname="com.tendable.TestCases.TechChallengeTest" name="verifyMarketingFormSubmissionErrorMessagePassTest" time="9.780"/>
  <testcase classname="com.tendable.TestCases.TechChallengeTest" name="verifyMarketingFormSubmissionErrorMessageFailTest" time="2.503"/>
</testsuite> <!-- com.tendable.TestCases.TechChallengeTest -->
